<?xml version="1.0" encoding="UTF-8"?>
<testsuite xmlns:xsi="http://www.w3.org/2001/XMLSchema-instance" xsi:noNamespaceSchemaLocation="https://maven.apache.org/surefire/maven-surefire-plugin/xsd/surefire-test-report-3.0.xsd" version="3.0" name="com.kiosk.model.CartItemTest" time="0.055" tests="10" errors="0" skipped="0" failures="0">
  <properties>
[...]
</properties>
  <testcase name="getTotal_fractional_rounding" classname="com.kiosk.model.CartItemTest" time="0.02"/>
  <testcase name="getTotal_quantity1" classname="com.kiosk.model.CartItemTest" time="0.0"/>
  <testcase name="quantity_one_stays" classname="com.kiosk.model.CartItemTest" time="0.001"/>
  <testcase name="getTotal_largeQuantity" classname="com.kiosk.model.CartItemTest" time="0.001"/>
  <testcase name="amount_scaled_halfUp" classname="com.kiosk.model.CartItemTest" time="0.001"/>
  <testcase name="quantity_negative_clampedToOne" classname="com.kiosk.model.CartItemTest" time="0.001"/>
  <testcase name="amount_scaled_halfDown" classname="com.kiosk.model.CartItemTest" time="0.001"/>
  <testcase name="getService_returnsCorrectService" classname="com.kiosk.model.CartItemTest" time="0.001"/>
  <testcase name="quantity_zero_clampedToOne" classname="com.kiosk.model.CartItemTest" time="0.001"/>
  <testcase name="getTotal_normalValues" classname="com.kiosk.model.CartItemTest" time="0.001"/>
</testsuite>